Using pre-set license
Built from '2020.3/staging' branch; Version is '2020.3.3f1 (76626098c1c4) revision 7758432'; Using compiler version '192528614'; Build Type 'Release'
OS: 'Windows 10 Home; OS build 19042.928; Version 2009; 64bit' Language: 'en' Physical Memory: 16145 MB
BatchMode: 1, IsHumanControllingUs: 0, StartBugReporterOnCrash: 0, Is64bit: 1, IsPro: 0

 COMMAND LINE ARGUMENTS:
C:\Program Files\Unity\Hub\Editor\2020.3.3f1\Editor\Unity.exe
-adb2
-batchMode
-noUpm
-name
AssetImportWorker0
-projectPath
C:/Users/tetsu/Desktop/Unity Games/Lost_Of_Words/Lost_Of_Words
-logFile
Logs/AssetImportWorker0.log
-srvPort
50701
Successfully changed project path to: C:/Users/tetsu/Desktop/Unity Games/Lost_Of_Words/Lost_Of_Words
C:/Users/tetsu/Desktop/Unity Games/Lost_Of_Words/Lost_Of_Words
Using Asset Import Pipeline V2.
Refreshing native plugins compatible for Editor in 42.46 ms, found 1 plugins.
Preloading 0 native plugins for Editor in 0.00 ms.
Initialize engine version: 2020.3.3f1 (76626098c1c4)
[Subsystems] Discovering subsystems at path C:/Program Files/Unity/Hub/Editor/2020.3.3f1/Editor/Data/Resources/UnitySubsystems
[Subsystems] Discovering subsystems at path C:/Users/tetsu/Desktop/Unity Games/Lost_Of_Words/Lost_Of_Words/Assets
GfxDevice: creating device client; threaded=0
Direct3D:
    Version:  Direct3D 11.0 [level 11.1]
    Renderer: NVIDIA GeForce RTX 2060 (ID=0x1f15)
    Vendor:   
    VRAM:     5980 MB
    Driver:   27.21.14.6611
Initialize mono
Mono path[0] = 'C:/Program Files/Unity/Hub/Editor/2020.3.3f1/Editor/Data/Managed'
Mono path[1] = 'C:/Program Files/Unity/Hub/Editor/2020.3.3f1/Editor/Data/MonoBleedingEdge/lib/mono/unityjit'
Mono config path = 'C:/Program Files/Unity/Hub/Editor/2020.3.3f1/Editor/Data/MonoBleedingEdge/etc'
Using monoOptions --debugger-agent=transport=dt_socket,embedding=1,server=y,suspend=n,address=127.0.0.1:56572
Begin MonoManager ReloadAssembly
Registering precompiled unity dll's ...
Register platform support module: C:/Program Files/Unity/Hub/Editor/2020.3.3f1/Editor/Data/PlaybackEngines/WebGLSupport/UnityEditor.WebGL.Extensions.dll
Register platform support module: C:/Program Files/Unity/Hub/Editor/2020.3.3f1/Editor/Data/PlaybackEngines/MacStandaloneSupport/UnityEditor.OSXStandalone.Extensions.dll
Register platform support module: C:/Program Files/Unity/Hub/Editor/2020.3.3f1/Editor/Data/PlaybackEngines/WindowsStandaloneSupport/UnityEditor.WindowsStandalone.Extensions.dll
Register platform support module: C:/Program Files/Unity/Hub/Editor/2020.3.3f1/Editor/Data/PlaybackEngines/LinuxStandaloneSupport/UnityEditor.LinuxStandalone.Extensions.dll
Register platform support module: C:/Program Files/Unity/Hub/Editor/2020.3.3f1/Editor/Data/PlaybackEngines/LuminSupport/UnityEditor.Lumin.Extensions.dll
Registered in 0.004017 seconds.
Native extension for Lumin target not found
Native extension for LinuxStandalone target not found
Native extension for WindowsStandalone target not found
Native extension for OSXStandalone target not found
Native extension for WebGL target not found
Refreshing native plugins compatible for Editor in 36.63 ms, found 1 plugins.
Preloading 0 native plugins for Editor in 0.00 ms.
Invoked RoslynAnalysisRunner static constructor.
RoslynAnalysisRunner will not be running.
RoslynAnalysisRunner has terminated.
Mono: successfully reloaded assembly
- Completed reload, in  2.030 seconds
Platform modules already initialized, skipping
Registering precompiled user dll's ...
Registered in 0.001139 seconds.
Begin MonoManager ReloadAssembly
Native extension for Lumin target not found
Native extension for LinuxStandalone target not found
Native extension for WindowsStandalone target not found
Native extension for OSXStandalone target not found
Native extension for WebGL target not found
Refreshing native plugins compatible for Editor in 32.89 ms, found 1 plugins.
Preloading 0 native plugins for Editor in 0.00 ms.
Invoked RoslynAnalysisRunner static constructor.
RoslynAnalysisRunner will not be running.
RoslynAnalysisRunner has terminated.
Mono: successfully reloaded assembly
- Completed reload, in  0.792 seconds
Platform modules already initialized, skipping
========================================================================
Worker process is ready to serve import requests
Launched and connected shader compiler UnityShaderCompiler.exe after 0.04 seconds
Refreshing native plugins compatible for Editor in 0.42 ms, found 1 plugins.
Preloading 0 native plugins for Editor in 0.00 ms.
Unloading 1920 Unused Serialized files (Serialized files now loaded: 0)
System memory in use before: 88.1 MB.
System memory in use after: 88.2 MB.

Unloading 32 unused Assets to reduce memory usage. Loaded Objects now: 2355.
Total: 2.105200 ms (FindLiveObjects: 0.239300 ms CreateObjectMapping: 0.125200 ms MarkObjects: 1.692300 ms  DeleteObjects: 0.047500 ms)

========================================================================
Received Import Request.
  path: Assets/Scenes/Game.unity
  artifactKey: Guid(c2fa51a9e2a134e4199a25220cba7f80) Importer(815301076,1909f56bfc062723c751e8b465ee728b)
Start importing Assets/Scenes/Game.unity using Guid(c2fa51a9e2a134e4199a25220cba7f80) Importer(815301076,1909f56bfc062723c751e8b465ee728b)  -> (artifact id: '8d90c475a508196fadb73abf6f55eee9') in 0.013939 seconds
  Import took 0.016532 seconds .

========================================================================
Received Import Request.
  Time since last request: 0.041945 seconds.
  path: Assets/Scenes/Game.unity
  artifactKey: Guid(c2fa51a9e2a134e4199a25220cba7f80) Importer(815301076,1909f56bfc062723c751e8b465ee728b)
Start importing Assets/Scenes/Game.unity using Guid(c2fa51a9e2a134e4199a25220cba7f80) Importer(815301076,1909f56bfc062723c751e8b465ee728b)  -> (artifact id: '8d90c475a508196fadb73abf6f55eee9') in 0.002263 seconds
  Import took 0.004917 seconds .

========================================================================
Received Prepare
Registering precompiled user dll's ...
Registered in 0.001649 seconds.
Begin MonoManager ReloadAssembly
Native extension for Lumin target not found
Native extension for LinuxStandalone target not found
Native extension for WindowsStandalone target not found
Native extension for OSXStandalone target not found
Native extension for WebGL target not found
Refreshing native plugins compatible for Editor in 0.42 ms, found 1 plugins.
Preloading 0 native plugins for Editor in 0.00 ms.
Invoked RoslynAnalysisRunner static constructor.
RoslynAnalysisRunner will not be running.
RoslynAnalysisRunner has terminated.
Mono: successfully reloaded assembly
- Completed reload, in  0.822 seconds
Platform modules already initialized, skipping
Switching build target platform(5) subTarget(0) extendedPlatform(0) -> platform(13) subTarget(537395200) extendedPlatform(0)
Refreshing native plugins compatible for Editor in 0.38 ms, found 1 plugins.
Preloading 0 native plugins for Editor in 0.00 ms.
Unloading 1914 Unused Serialized files (Serialized files now loaded: 0)
System memory in use before: 87.6 MB.
System memory in use after: 87.7 MB.

Unloading 20 unused Assets to reduce memory usage. Loaded Objects now: 2359.
Total: 2.062600 ms (FindLiveObjects: 0.173500 ms CreateObjectMapping: 0.071700 ms MarkObjects: 1.800100 ms  DeleteObjects: 0.016100 ms)

AssetImportParameters requested are different than current active one (requested -> active):
  custom:graphics/normal-map-encoding: 01000000000000000000000000000000 -> 02000000000000000000000000000000
========================================================================
Received Prepare
Refreshing native plugins compatible for Editor in 6.36 ms, found 1 plugins.
Preloading 0 native plugins for Editor in 0.00 ms.
Unloading 18 Unused Serialized files (Serialized files now loaded: 0)
System memory in use before: 50.1 MB.
System memory in use after: 50.3 MB.

Unloading 18 unused Assets to reduce memory usage. Loaded Objects now: 2359.
Total: 1.998200 ms (FindLiveObjects: 0.325300 ms CreateObjectMapping: 0.092800 ms MarkObjects: 1.564600 ms  DeleteObjects: 0.014300 ms)

========================================================================
Received Prepare
Refreshing native plugins compatible for Editor in 5.84 ms, found 1 plugins.
Preloading 0 native plugins for Editor in 0.00 ms.
Unloading 18 Unused Serialized files (Serialized files now loaded: 0)
System memory in use before: 50.1 MB.
System memory in use after: 50.3 MB.

Unloading 18 unused Assets to reduce memory usage. Loaded Objects now: 2359.
Total: 1.800100 ms (FindLiveObjects: 0.177200 ms CreateObjectMapping: 0.070100 ms MarkObjects: 1.539200 ms  DeleteObjects: 0.012900 ms)

========================================================================
Received Prepare
Registering precompiled user dll's ...
Registered in 0.001421 seconds.
Begin MonoManager ReloadAssembly
Native extension for Lumin target not found
Native extension for LinuxStandalone target not found
Native extension for WindowsStandalone target not found
Native extension for OSXStandalone target not found
Native extension for WebGL target not found
Refreshing native plugins compatible for Editor in 0.66 ms, found 1 plugins.
Preloading 0 native plugins for Editor in 0.00 ms.
Invoked RoslynAnalysisRunner static constructor.
RoslynAnalysisRunner will not be running.
RoslynAnalysisRunner has terminated.
Mono: successfully reloaded assembly
- Completed reload, in  0.838 seconds
Platform modules already initialized, skipping
Switching build target platform(5) subTarget(0) extendedPlatform(0) -> platform(13) subTarget(537395200) extendedPlatform(0)
Refreshing native plugins compatible for Editor in 0.39 ms, found 1 plugins.
Preloading 0 native plugins for Editor in 0.00 ms.
Unloading 1914 Unused Serialized files (Serialized files now loaded: 0)
System memory in use before: 87.6 MB.
System memory in use after: 87.8 MB.

Unloading 20 unused Assets to reduce memory usage. Loaded Objects now: 2363.
Total: 1.700700 ms (FindLiveObjects: 0.208400 ms CreateObjectMapping: 0.087600 ms MarkObjects: 1.384700 ms  DeleteObjects: 0.019100 ms)

AssetImportParameters requested are different than current active one (requested -> active):
  custom:graphics/normal-map-encoding: 01000000000000000000000000000000 -> 02000000000000000000000000000000
AssetImportWorkerClient::OnTransportError - code=2 error=End of file
