
=== Fri Apr 16 23:50:06 2021

Packages were changed.
Update Mode: updateDependencies

The following packages were updated:
  com.unity.timeline from version 1.4.6 to 1.4.7

=== Fri May 28 22:05:56 2021

Packages were changed.
Update Mode: updateDependencies

The following packages were updated:
  com.unity.2d.animation from version 5.0.4 to 6.0.3
  com.unity.2d.pixel-perfect from version 4.0.1 to 5.0.0
  com.unity.2d.psdimporter from version 4.0.2 to 5.0.3
  com.unity.2d.spriteshape from version 5.1.1 to 6.0.0
  com.unity.collab-proxy from version 1.3.9 to 1.5.7
  com.unity.ide.rider from version 2.0.7 to 3.0.6
  com.unity.ide.visualstudio from version 2.0.7 to 2.0.8
  com.unity.textmeshpro from version 3.0.4 to 3.0.6
  com.unity.timeline from version 1.4.7 to 1.5.5

=== Thu Jun 17 01:55:21 2021

Packages were changed.
Update Mode: mergeDefaultDependencies

The following packages were added:
  com.unity.ext.nunit@1.0.0

=== Sat Jul 10 22:37:00 2021

Packages were changed.
Update Mode: updateDependencies

The following packages were updated:
  com.unity.ext.nunit from version 1.0.0 to 1.0.6
  com.unity.ide.rider from version 3.0.6 to 3.0.7
  com.unity.ide.visualstudio from version 2.0.8 to 2.0.9
  com.unity.mobile.android-logcat from version 1.2.1 to 1.2.2
  com.unity.test-framework from version 1.1.24 to 1.1.26

=== Sat Aug  7 16:59:12 2021

Packages were changed.
Update Mode: updateDependencies

The following packages were updated:
  com.unity.2d.animation from version 6.0.3 to 6.0.4
  com.unity.2d.psdimporter from version 5.0.3 to 5.0.4
  com.unity.2d.spriteshape from version 6.0.0 to 6.0.1
  com.unity.collab-proxy from version 1.5.7 to 1.7.1
  com.unity.mobile.notifications from version 1.3.2 to 1.4.1
  com.unity.test-framework from version 1.1.26 to 1.1.27
  com.unity.timeline from version 1.5.5 to 1.5.6
